<?xml version="1.0" encoding="UTF-8"?>
<!-- Generated by org.testng.reporters.JUnitXMLReporter -->
<testsuite ignored="1" hostname="MSI" failures="0" tests="2" name="Launch Test" time="50.261" errors="0" timestamp="30 Oct 2025 19:14:46 GMT">
  <testcase classname="com.ado.testCase.janrelease" name="adminlogin" time="46.712"/>
  <testcase classname="com.ado.testCase.janrelease" name="validatemyifo" time="3.034"/>
  <testcase classname="com.ado.testCase.CommonTest" name="login" time="0.0">
    <ignored/>
  </testcase> <!-- login -->
</testsuite> <!-- Launch Test -->
