<?xml version="1.0" encoding="UTF-8"?>
<!-- Generated by org.testng.reporters.JUnitXMLReporter -->
<testsuite ignored="1" hostname="DESKTOP-LJECHKP" failures="0" tests="1" name="Launch Test" time="0.94" errors="0" timestamp="01 Jun 2024 17:08:48 GMT">
  <testcase classname="com.ado.testCase.CommonTest" name="@BeforeTest setInputSheetName" time="0.874">
    <failure type="java.lang.NullPointerException" message="Cannot invoke &amp;quot;com.relevantcodes.extentreports.ExtentTest.log(com.relevantcodes.extentreports.LogStatus, String)&amp;quot; because &amp;quot;this.logger&amp;quot; is null">
      <![CDATA[java.lang.NullPointerException: Cannot invoke "com.relevantcodes.extentreports.ExtentTest.log(com.relevantcodes.extentreports.LogStatus, String)" because "this.logger" is null
at com.ado.testCase.BaseTest.getInputSheetName(BaseTest.java:209)
at com.ado.testCase.CommonTest.setInputSheetName(CommonTest.java:52)
... Removed 24 stack frames]]>
    </failure>
  </testcase> <!-- @BeforeTest setInputSheetName -->
  <testcase classname="com.ado.testCase.CommonTest" name="@BeforeTest setUp" time="0.0">
    <skipped/>
  </testcase> <!-- @BeforeTest setUp -->
  <testcase classname="com.ado.testCase.CommonTest" name="@AfterMethod flush" time="0.0">
    <skipped/>
  </testcase> <!-- @AfterMethod flush -->
  <testcase classname="com.ado.testCase.janrelease" name="adminlogin" time="0.0">
    <skipped/>
  </testcase> <!-- adminlogin -->
  <testcase classname="com.ado.testCase.CommonTest" name="InitializePage" time="0.0">
    <ignored/>
  </testcase> <!-- InitializePage -->
</testsuite> <!-- Launch Test -->
