<?xml version="1.0" encoding="UTF-8"?>
<testng-results ignored="1" total="3" passed="2" failed="0" skipped="0">
  <reporter-output>
  </reporter-output>
  <suite started-at="2025-10-30T19:13:56Z" name="mySuit" finished-at="2025-10-30T19:14:46Z" duration-ms="50261">
    <groups>
    </groups>
    <test started-at="2025-10-30T19:13:56Z" name="Launch Test" finished-at="2025-10-30T19:14:46Z" duration-ms="50261">
      <class name="com.ado.testCase.janrelease">
        <test-method is-config="true" signature="getSuitName(org.testng.ITestContext)[pri:0, instance:com.ado.testCase.janrelease@78452606]" started-at="2025-10-30T19:13:56Z" name="getSuitName" finished-at="2025-10-30T19:13:56Z" duration-ms="19" status="PASS">
          <params>
            <param index="0">
              <value>
                <![CDATA[org.testng.TestRunner@15639440]]>
              </value>
            </param>
          </params>
          <reporter-output>
          </reporter-output>
        </test-method> <!-- getSuitName -->
        <test-method is-config="true" signature="setInputSheetName(java.lang.String)[pri:0, instance:com.ado.testCase.janrelease@78452606]" started-at="2025-10-30T19:13:56Z" name="setInputSheetName" finished-at="2025-10-30T19:13:56Z" duration-ms="478" status="PASS">
          <params>
            <param index="0">
              <value>
                <![CDATA[InputSheetadorelease.xlsx]]>
              </value>
            </param>
          </params>
          <reporter-output>
          </reporter-output>
        </test-method> <!-- setInputSheetName -->
        <test-method is-config="true" signature="setUp(java.lang.String, org.testng.ITestContext)[pri:0, instance:com.ado.testCase.janrelease@78452606]" started-at="2025-10-30T19:13:56Z" name="setUp" finished-at="2025-10-30T19:13:57Z" duration-ms="17" status="PASS">
          <params>
            <param index="0">
              <value>
                <![CDATA[Launch Test]]>
              </value>
            </param>
            <param index="1">
              <value>
                <![CDATA[org.testng.TestRunner@15639440]]>
              </value>
            </param>
          </params>
          <reporter-output>
          </reporter-output>
        </test-method> <!-- setUp -->
        <test-method signature="adminlogin(java.lang.String, java.lang.String)[pri:0, instance:com.ado.testCase.janrelease@78452606]" started-at="2025-10-30T19:13:57Z" name="adminlogin" finished-at="2025-10-30T19:14:43Z" duration-ms="46712" status="PASS">
          <params>
            <param index="0">
              <value>
                <![CDATA[2]]>
              </value>
            </param>
            <param index="1">
              <value>
                <![CDATA[3]]>
              </value>
            </param>
          </params>
          <reporter-output>
          </reporter-output>
        </test-method> <!-- adminlogin -->
        <test-method is-config="true" signature="flush()[pri:0, instance:com.ado.testCase.janrelease@78452606]" started-at="2025-10-30T19:14:43Z" name="flush" finished-at="2025-10-30T19:14:43Z" duration-ms="2" status="PASS">
          <reporter-output>
          </reporter-output>
        </test-method> <!-- flush -->
        <test-method signature="validatemyifo()[pri:0, instance:com.ado.testCase.janrelease@78452606]" started-at="2025-10-30T19:14:43Z" name="validatemyifo" finished-at="2025-10-30T19:14:46Z" duration-ms="3034" status="PASS">
          <reporter-output>
          </reporter-output>
        </test-method> <!-- validatemyifo -->
        <test-method is-config="true" signature="flush()[pri:0, instance:com.ado.testCase.janrelease@78452606]" started-at="2025-10-30T19:14:46Z" name="flush" finished-at="2025-10-30T19:14:46Z" duration-ms="0" status="PASS">
          <reporter-output>
          </reporter-output>
        </test-method> <!-- flush -->
      </class> <!-- com.ado.testCase.janrelease -->
    </test> <!-- Launch Test -->
  </suite> <!-- mySuit -->
</testng-results>
